<?xml version="1.0" encoding="UTF-8"?>
<robot generator="Robot 7.3.2 (Python 3.13.7 on linux)" generated="2025-08-29T21:50:20.835777" rpa="false" schemaversion="5">
<suite id="s1" name="Suites" source="/home/runner/work/web_with_test/web_with_test/tests/suites">
<suite id="s1-s1" name="Coba" source="/home/runner/work/web_with_test/web_with_test/tests/suites/coba.robot">
<test id="s1-s1-t1" name="Coba Satu" line="8">
<kw name="Log" owner="BuiltIn">
<msg time="2025-08-29T21:50:20.968824" level="INFO">haiii</msg>
<arg>haiii</arg>
<doc>Logs the given message with the given level.</doc>
<status status="PASS" start="2025-08-29T21:50:20.968514" elapsed="0.000417"/>
</kw>
<kw name="Log" owner="BuiltIn">
<msg time="2025-08-29T21:50:20.969422" level="INFO">haiii</msg>
<arg>haiii</arg>
<doc>Logs the given message with the given level.</doc>
<status status="PASS" start="2025-08-29T21:50:20.969188" elapsed="0.000319"/>
</kw>
<kw name="Log" owner="BuiltIn">
<msg time="2025-08-29T21:50:20.969775" level="INFO">haiii</msg>
<arg>haiii</arg>
<doc>Logs the given message with the given level.</doc>
<status status="PASS" start="2025-08-29T21:50:20.969635" elapsed="0.000185"/>
</kw>
<msg time="2025-08-29T21:50:20.973968" level="INFO">Starting Browser process /opt/hostedtoolcache/Python/3.13.7/x64/lib/python3.13/site-packages/Browser/wrapper/index.js using at 127.0.0.1:55249</msg>
<doc>ini dokumentasi dari test coba satu</doc>
<status status="PASS" start="2025-08-29T21:50:20.967408" elapsed="0.002528"/>
</test>
<doc>ini dokumentasi dari suite coba</doc>
<status status="PASS" start="2025-08-29T21:50:20.853383" elapsed="0.555832"/>
</suite>
<status status="PASS" start="2025-08-29T21:50:20.836708" elapsed="0.578151"/>
</suite>
<statistics>
<total>
<stat pass="1" fail="0" skip="0">All Tests</stat>
</total>
<tag>
</tag>
<suite>
<stat name="Suites" id="s1" pass="1" fail="0" skip="0">Suites</stat>
<stat name="Coba" id="s1-s1" pass="1" fail="0" skip="0">Suites.Coba</stat>
</suite>
</statistics>
<errors>
</errors>
</robot>
